<?xml version="1.0" encoding="UTF-8"?>
<coverage generated="1615852208216" clover="3.2.0">
  <project timestamp="1615852208216" name="All files">
    <metrics statements="13" coveredstatements="12" conditionals="5" coveredconditionals="4" methods="2" coveredmethods="2" elements="20" coveredelements="18" complexity="0" loc="13" ncloc="13" packages="1" files="1" classes="1"/>
    <file name="homework4.js" path="C:\WORK\courses\otus_courses\src\main\homework4\homework4.js">
      <metrics statements="13" coveredstatements="12" conditionals="5" coveredconditionals="4" methods="2" coveredmethods="2"/>
      <line num="3" count="4" type="cond" truecount="4" falsecount="1"/>
      <line num="5" count="1" type="stmt"/>
      <line num="6" count="1" type="stmt"/>
      <line num="8" count="1" type="stmt"/>
      <line num="9" count="1" type="stmt"/>
      <line num="11" count="1" type="stmt"/>
      <line num="12" count="1" type="stmt"/>
      <line num="14" count="1" type="stmt"/>
      <line num="16" count="0" type="stmt"/>
      <line num="18" count="3" type="stmt"/>
      <line num="22" count="3" type="stmt"/>
      <line num="26" count="1" type="stmt"/>
      <line num="27" count="1" type="stmt"/>
    </file>
  </project>
</coverage>
