<?xml version="1.0" encoding="UTF-8"?>
<coverage generated="1615917261509" clover="3.2.0">
  <project timestamp="1615917261509" name="All files">
    <metrics statements="15" coveredstatements="4" conditionals="8" coveredconditionals="1" methods="2" coveredmethods="1" elements="25" coveredelements="6" complexity="0" loc="15" ncloc="15" packages="1" files="1" classes="1"/>
    <file name="homework4.js" path="C:\WORK\courses\otus_courses\src\main\homework4\homework4.js">
      <metrics statements="15" coveredstatements="4" conditionals="8" coveredconditionals="1" methods="2" coveredmethods="1"/>
      <line num="3" count="0" type="cond" truecount="0" falsecount="5"/>
      <line num="5" count="0" type="stmt"/>
      <line num="6" count="0" type="stmt"/>
      <line num="8" count="0" type="stmt"/>
      <line num="9" count="0" type="stmt"/>
      <line num="11" count="0" type="stmt"/>
      <line num="12" count="0" type="stmt"/>
      <line num="14" count="0" type="stmt"/>
      <line num="16" count="0" type="stmt"/>
      <line num="18" count="0" type="stmt"/>
      <line num="22" count="1" type="cond" truecount="1" falsecount="2"/>
      <line num="25" count="0" type="stmt"/>
      <line num="27" count="1" type="stmt"/>
      <line num="34" count="1" type="stmt"/>
      <line num="35" count="1" type="stmt"/>
    </file>
  </project>
</coverage>
