{"C:\\WORK\\courses\\otus_courses\\src\\main\\homework4\\homework4.js": {"path":"C:\\WORK\\courses\\otus_courses\\src\\main\\homework4\\homework4.js","statementMap":{"0":{"start":{"line":3,"column":4},"end":{"line":17,"column":5}},"1":{"start":{"line":5,"column":12},"end":{"line":5,"column":38}},"2":{"start":{"line":6,"column":12},"end":{"line":6,"column":18}},"3":{"start":{"line":8,"column":12},"end":{"line":8,"column":38}},"4":{"start":{"line":9,"column":12},"end":{"line":9,"column":18}},"5":{"start":{"line":11,"column":12},"end":{"line":11,"column":36}},"6":{"start":{"line":12,"column":12},"end":{"line":12,"column":18}},"7":{"start":{"line":14,"column":12},"end":{"line":14,"column":35}},"8":{"start":{"line":16,"column":12},"end":{"line":16,"column":60}},"9":{"start":{"line":18,"column":4},"end":{"line":18,"column":40}},"10":{"start":{"line":22,"column":2},"end":{"line":22,"column":49}},"11":{"start":{"line":26,"column":0},"end":{"line":26,"column":33}},"12":{"start":{"line":27,"column":0},"end":{"line":27,"column":33}}},"fnMap":{"0":{"name":"kolobok","decl":{"start":{"line":1,"column":9},"end":{"line":1,"column":16}},"loc":{"start":{"line":1,"column":23},"end":{"line":19,"column":1}},"line":1},"1":{"name":"newYear","decl":{"start":{"line":21,"column":9},"end":{"line":21,"column":16}},"loc":{"start":{"line":21,"column":27},"end":{"line":24,"column":1}},"line":21}},"branchMap":{"0":{"loc":{"start":{"line":3,"column":4},"end":{"line":17,"column":5}},"type":"switch","locations":[{"start":{"line":4,"column":8},"end":{"line":6,"column":18}},{"start":{"line":7,"column":8},"end":{"line":9,"column":18}},{"start":{"line":10,"column":8},"end":{"line":12,"column":18}},{"start":{"line":13,"column":8},"end":{"line":14,"column":35}},{"start":{"line":15,"column":8},"end":{"line":16,"column":60}}],"line":3}},"s":{"0":4,"1":1,"2":1,"3":1,"4":1,"5":1,"6":1,"7":1,"8":0,"9":3,"10":3,"11":1,"12":1},"f":{"0":4,"1":3},"b":{"0":[1,1,1,1,0]},"_coverageSchema":"1a1c01bbd47fc00a2c39e90264f33305004495a9","hash":"f58aaf6c2b1fd9cc3fc6033bf917ce976a759071"}
}
