{"C:\\WORK\\courses\\otus_courses\\src\\main\\homework4\\homework4.js": {"path":"C:\\WORK\\courses\\otus_courses\\src\\main\\homework4\\homework4.js","statementMap":{"0":{"start":{"line":3,"column":4},"end":{"line":17,"column":5}},"1":{"start":{"line":5,"column":12},"end":{"line":5,"column":38}},"2":{"start":{"line":6,"column":12},"end":{"line":6,"column":18}},"3":{"start":{"line":8,"column":12},"end":{"line":8,"column":38}},"4":{"start":{"line":9,"column":12},"end":{"line":9,"column":18}},"5":{"start":{"line":11,"column":12},"end":{"line":11,"column":36}},"6":{"start":{"line":12,"column":12},"end":{"line":12,"column":18}},"7":{"start":{"line":14,"column":12},"end":{"line":14,"column":35}},"8":{"start":{"line":16,"column":12},"end":{"line":16,"column":60}},"9":{"start":{"line":18,"column":4},"end":{"line":18,"column":40}},"10":{"start":{"line":22,"column":4},"end":{"line":29,"column":5}},"11":{"start":{"line":25,"column":12},"end":{"line":25,"column":59}},"12":{"start":{"line":27,"column":12},"end":{"line":27,"column":53}},"13":{"start":{"line":34,"column":0},"end":{"line":34,"column":33}},"14":{"start":{"line":35,"column":0},"end":{"line":35,"column":33}}},"fnMap":{"0":{"name":"kolobok","decl":{"start":{"line":1,"column":9},"end":{"line":1,"column":16}},"loc":{"start":{"line":1,"column":23},"end":{"line":19,"column":1}},"line":1},"1":{"name":"newYear","decl":{"start":{"line":21,"column":9},"end":{"line":21,"column":16}},"loc":{"start":{"line":21,"column":27},"end":{"line":32,"column":1}},"line":21}},"branchMap":{"0":{"loc":{"start":{"line":3,"column":4},"end":{"line":17,"column":5}},"type":"switch","locations":[{"start":{"line":4,"column":8},"end":{"line":6,"column":18}},{"start":{"line":7,"column":8},"end":{"line":9,"column":18}},{"start":{"line":10,"column":8},"end":{"line":12,"column":18}},{"start":{"line":13,"column":8},"end":{"line":14,"column":35}},{"start":{"line":15,"column":8},"end":{"line":16,"column":60}}],"line":3},"1":{"loc":{"start":{"line":22,"column":4},"end":{"line":29,"column":5}},"type":"switch","locations":[{"start":{"line":23,"column":8},"end":{"line":23,"column":25}},{"start":{"line":24,"column":8},"end":{"line":25,"column":59}},{"start":{"line":26,"column":8},"end":{"line":27,"column":53}}],"line":22}},"s":{"0":0,"1":0,"2":0,"3":0,"4":0,"5":0,"6":0,"7":0,"8":0,"9":0,"10":1,"11":0,"12":1,"13":1,"14":1},"f":{"0":0,"1":1},"b":{"0":[0,0,0,0,0],"1":[0,0,1]},"_coverageSchema":"1a1c01bbd47fc00a2c39e90264f33305004495a9","hash":"1ceed0e03a233a4f7cfe252ab931719ed2bc0a25"}
}
